<?xml version="1.0" encoding="UTF-8"?>
<testng-results ignored="0" total="2" passed="2" failed="0" skipped="0">
  <reporter-output>
  </reporter-output>
  <suite started-at="2024-04-02T16:00:36 IST" name="Suite" finished-at="2024-04-02T16:05:46 IST" duration-ms="309687">
    <groups>
      <group name="regression">
        <method signature="testCase_001.firstPage()[pri:0, instance:testCases.testCase_001@477b4cdf]" name="firstPage" class="testCases.testCase_001"/>
        <method signature="testCase_001.secondPage()[pri:1, instance:testCases.testCase_001@477b4cdf]" name="secondPage" class="testCases.testCase_001"/>
      </group> <!-- regression -->
    </groups>
    <test started-at="2024-04-02T16:00:36 IST" name="Test" finished-at="2024-04-02T16:05:46 IST" duration-ms="309687">
      <class name="testCases.testCase_001">
        <test-method is-config="true" signature="setup(java.lang.String,java.lang.String)[pri:0, instance:testCases.testCase_001@477b4cdf]" started-at="2024-04-02T16:00:36 IST" name="setup" finished-at="2024-04-02T16:00:51 IST" duration-ms="14450" status="PASS">
          <params>
            <param index="0">
              <value>
                <![CDATA[Chrome]]>
              </value>
            </param>
            <param index="1">
              <value>
                <![CDATA[https://be.cognizant.com/]]>
              </value>
            </param>
          </params>
          <reporter-output>
          </reporter-output>
        </test-method> <!-- setup -->
        <test-method signature="firstPage()[pri:0, instance:testCases.testCase_001@477b4cdf]" started-at="2024-04-02T16:00:51 IST" name="firstPage" finished-at="2024-04-02T16:01:22 IST" duration-ms="31261" status="PASS">
          <reporter-output>
          </reporter-output>
        </test-method> <!-- firstPage -->
        <test-method signature="secondPage()[pri:1, instance:testCases.testCase_001@477b4cdf]" started-at="2024-04-02T16:01:22 IST" name="secondPage" finished-at="2024-04-02T16:05:34 IST" duration-ms="252180" status="PASS">
          <reporter-output>
          </reporter-output>
        </test-method> <!-- secondPage -->
        <test-method is-config="true" signature="tearDown()[pri:0, instance:testCases.testCase_001@477b4cdf]" started-at="2024-04-02T16:05:34 IST" name="tearDown" finished-at="2024-04-02T16:05:46 IST" duration-ms="11181" status="PASS">
          <reporter-output>
          </reporter-output>
        </test-method> <!-- tearDown -->
      </class> <!-- testCases.testCase_001 -->
    </test> <!-- Test -->
  </suite> <!-- Suite -->
</testng-results>
